\BOOKMARK [1][-]{section.1}{Entrega 1}{}% 1
\BOOKMARK [2][-]{subsection.1.1}{Preprocesamiento}{section.1}% 2
\BOOKMARK [2][-]{subsection.1.2}{Aplicaci\363n de los algoritmos}{section.1}% 3
\BOOKMARK [2][-]{subsection.1.3}{Caracter\355sticas entrega}{section.1}% 4
\BOOKMARK [1][-]{section.2}{Entrega 2}{}% 5
\BOOKMARK [2][-]{subsection.2.1}{Preprocesamiento}{section.2}% 6
\BOOKMARK [2][-]{subsection.2.2}{Aplicaci\363n de los algoritmos}{section.2}% 7
\BOOKMARK [2][-]{subsection.2.3}{Configuraci\363n de los par\341metros}{section.2}% 8
\BOOKMARK [2][-]{subsection.2.4}{Caracter\355sticas de la entrega}{section.2}% 9
\BOOKMARK [1][-]{section.3}{Entrega 3}{}% 10
\BOOKMARK [2][-]{subsection.3.1}{Preprocesamiento}{section.3}% 11
\BOOKMARK [2][-]{subsection.3.2}{Aplicaci\363n de los algoritmos}{section.3}% 12
\BOOKMARK [2][-]{subsection.3.3}{Configuraci\363n de los par\341metros}{section.3}% 13
\BOOKMARK [3][-]{subsubsection.3.3.1}{Knn}{subsection.3.3}% 14
\BOOKMARK [3][-]{subsubsection.3.3.2}{Bagging}{subsection.3.3}% 15
\BOOKMARK [2][-]{subsection.3.4}{Caracter\355sticas de la entrega}{section.3}% 16
\BOOKMARK [1][-]{section.4}{Entrega 4}{}% 17
\BOOKMARK [2][-]{subsection.4.1}{Configuraci\363n de los par\341metros}{section.4}% 18
\BOOKMARK [2][-]{subsection.4.2}{Caracter\355sticas de la subida}{section.4}% 19
\BOOKMARK [1][-]{section.5}{Entrega 5}{}% 20
\BOOKMARK [2][-]{subsection.5.1}{Preprocesamiento}{section.5}% 21
\BOOKMARK [2][-]{subsection.5.2}{Configuraci\363n de par\341metros}{section.5}% 22
\BOOKMARK [2][-]{subsection.5.3}{Caracter\355sticas de la entrega}{section.5}% 23
\BOOKMARK [1][-]{section.6}{Entrega 6}{}% 24
\BOOKMARK [2][-]{subsection.6.1}{Preprocesamiento}{section.6}% 25
\BOOKMARK [2][-]{subsection.6.2}{Configuraci\363n de par\341metros}{section.6}% 26
\BOOKMARK [2][-]{subsection.6.3}{Caracter\355sticas de la entrega}{section.6}% 27
\BOOKMARK [1][-]{section.7}{Entrega 7}{}% 28
\BOOKMARK [2][-]{subsection.7.1}{Preprocesamiento}{section.7}% 29
\BOOKMARK [2][-]{subsection.7.2}{Aplicaci\363n de los algoritmos}{section.7}% 30
\BOOKMARK [2][-]{subsection.7.3}{Caracter\355sticas de la entrega}{section.7}% 31
\BOOKMARK [1][-]{section.8}{Entrega 8}{}% 32
\BOOKMARK [2][-]{subsection.8.1}{Preprocesamiento}{section.8}% 33
\BOOKMARK [2][-]{subsection.8.2}{Aplicaci\363n de los algoritmos}{section.8}% 34
\BOOKMARK [2][-]{subsection.8.3}{Configuraci\363n de par\341metros}{section.8}% 35
\BOOKMARK [2][-]{subsection.8.4}{Caracter\355sticas de la entrega}{section.8}% 36
\BOOKMARK [1][-]{section.9}{Entrega 9}{}% 37
\BOOKMARK [2][-]{subsection.9.1}{Caracter\355sticas de la entrega}{section.9}% 38
\BOOKMARK [1][-]{section.10}{Entrega 10}{}% 39
\BOOKMARK [2][-]{subsection.10.1}{Preprocesamiento}{section.10}% 40
\BOOKMARK [2][-]{subsection.10.2}{Configuraci\363n de par\341metros}{section.10}% 41
\BOOKMARK [2][-]{subsection.10.3}{Aplicaci\363n de los algoritmos}{section.10}% 42
\BOOKMARK [2][-]{subsection.10.4}{Caracter\355sticas de la entrega}{section.10}% 43
\BOOKMARK [1][-]{section.11}{Entrega 11}{}% 44
\BOOKMARK [2][-]{subsection.11.1}{Preprocesamiento}{section.11}% 45
\BOOKMARK [2][-]{subsection.11.2}{Aplicaci\363n de los algoritmos}{section.11}% 46
\BOOKMARK [2][-]{subsection.11.3}{Caracter\355sticas de la entrega}{section.11}% 47
\BOOKMARK [1][-]{section.12}{Entrega 12}{}% 48
\BOOKMARK [2][-]{subsection.12.1}{Preprocesamiento}{section.12}% 49
\BOOKMARK [2][-]{subsection.12.2}{Configuraci\363n de par\341metros}{section.12}% 50
\BOOKMARK [2][-]{subsection.12.3}{Caracter\355sticas de la entrega}{section.12}% 51
\BOOKMARK [1][-]{section.13}{Entrega 13}{}% 52
\BOOKMARK [2][-]{subsection.13.1}{Preprocesamiento}{section.13}% 53
\BOOKMARK [2][-]{subsection.13.2}{Aplicaci\363n de los algoritmo}{section.13}% 54
\BOOKMARK [2][-]{subsection.13.3}{Caracter\355sticas de la entrega}{section.13}% 55
\BOOKMARK [1][-]{section.14}{Entrega 14}{}% 56
\BOOKMARK [2][-]{subsection.14.1}{Preprocesamiento}{section.14}% 57
\BOOKMARK [2][-]{subsection.14.2}{Aplicaci\363n de los algoritmos}{section.14}% 58
\BOOKMARK [2][-]{subsection.14.3}{Caracter\355sticas de la entrega}{section.14}% 59
\BOOKMARK [1][-]{section.15}{Entrega 15}{}% 60
\BOOKMARK [2][-]{subsection.15.1}{Preprocesamiento}{section.15}% 61
\BOOKMARK [2][-]{subsection.15.2}{Configuraci\363n de par\341metros}{section.15}% 62
\BOOKMARK [2][-]{subsection.15.3}{Caracter\355sticas de la entrega}{section.15}% 63
\BOOKMARK [1][-]{section.16}{Entrega 16}{}% 64
\BOOKMARK [2][-]{subsection.16.1}{Preprocesamiento}{section.16}% 65
\BOOKMARK [2][-]{subsection.16.2}{Configuraci\363n de par\341metros}{section.16}% 66
\BOOKMARK [2][-]{subsection.16.3}{Caracter\355sticas de la entrega}{section.16}% 67
\BOOKMARK [1][-]{section.17}{Entrega 17}{}% 68
\BOOKMARK [2][-]{subsection.17.1}{Preprocesamiento}{section.17}% 69
\BOOKMARK [2][-]{subsection.17.2}{Configuraci\363n de par\341metros}{section.17}% 70
\BOOKMARK [2][-]{subsection.17.3}{Caracter\355sticas de la entrega}{section.17}% 71
\BOOKMARK [1][-]{section.18}{Entregas 18 y 19}{}% 72
\BOOKMARK [2][-]{subsection.18.1}{Preprocesamiento}{section.18}% 73
\BOOKMARK [2][-]{subsection.18.2}{Aplicaci\363n de los algoritmos}{section.18}% 74
\BOOKMARK [2][-]{subsection.18.3}{Caracter\355sticas de las entregas}{section.18}% 75
\BOOKMARK [1][-]{section.19}{Entrega 20}{}% 76
\BOOKMARK [2][-]{subsection.19.1}{Preprocesamiento}{section.19}% 77
\BOOKMARK [2][-]{subsection.19.2}{Configuraci\363n de los par\341metros}{section.19}% 78
\BOOKMARK [2][-]{subsection.19.3}{Aplicaci\363n de los algoritmos}{section.19}% 79
\BOOKMARK [2][-]{subsection.19.4}{Caracter\355sticas de la entrega}{section.19}% 80
\BOOKMARK [1][-]{section.20}{Entregas 21 y 22}{}% 81
\BOOKMARK [2][-]{subsection.20.1}{Preprocesamiento}{section.20}% 82
\BOOKMARK [2][-]{subsection.20.2}{Configuraci\363n de par\341metros}{section.20}% 83
\BOOKMARK [3][-]{subsubsection.20.2.1}{Redes Neuronales}{subsection.20.2}% 84
\BOOKMARK [3][-]{subsubsection.20.2.2}{Gradient Boosting}{subsection.20.2}% 85
\BOOKMARK [2][-]{subsection.20.3}{Caracter\355sticas de las entregas}{section.20}% 86
\BOOKMARK [1][-]{section.21}{Entrega 23}{}% 87
\BOOKMARK [2][-]{subsection.21.1}{Preprocesamiento}{section.21}% 88
\BOOKMARK [2][-]{subsection.21.2}{Aplicaci\363n de los algoritmos}{section.21}% 89
\BOOKMARK [3][-]{subsubsection.21.2.1}{Configuraci\363n de los par\341metros}{subsection.21.2}% 90
\BOOKMARK [2][-]{subsection.21.3}{Caracter\355sticas de la entrega}{section.21}% 91
\BOOKMARK [1][-]{section.22}{Conclusiones}{}% 92
\BOOKMARK [1][-]{section.23}{Tabla resumen de las subidas}{}% 93
